Version identifier: 20.1.0.0 | 2020-11-10 | 9bedb6d68
CPXPARAM_Read_DataCheck                          1
CPXPARAM_MIP_Interval                            1
CPXPARAM_MIP_Tolerances_MIPGap                   0
Tried aggregator 1 time.
MIP Presolve eliminated 308 rows and 108 columns.
MIP Presolve modified 226 coefficients.
Reduced MIP has 20581 rows, 10292 columns, and 90046 nonzeros.
Reduced MIP has 9995 binaries, 0 generals, 0 SOSs, and 0 indicators.
Presolve time = 0.06 sec. (59.75 ticks)
Found incumbent of value 2.356667 after 0.19 sec. (114.87 ticks)
Probing fixed 0 vars, tightened 28 bounds.
Probing time = 0.23 sec. (49.75 ticks)
Cover probing fixed 0 vars, tightened 100 bounds.
Tried aggregator 1 time.
Detecting symmetries...
MIP Presolve eliminated 191 rows and 99 columns.
MIP Presolve modified 210 coefficients.
Reduced MIP has 20390 rows, 10193 columns, and 89182 nonzeros.
Reduced MIP has 9896 binaries, 0 generals, 0 SOSs, and 0 indicators.
Presolve time = 0.08 sec. (46.99 ticks)
Probing time = 0.06 sec. (8.52 ticks)
Cover probing fixed 0 vars, tightened 3 bounds.
Clique table members: 18974.
MIP emphasis: balance optimality and feasibility.
MIP search method: dynamic search.
Parallel mode: deterministic, using up to 8 threads.
Root relaxation solution time = 0.08 sec. (62.55 ticks)

        Nodes                                         Cuts/
   Node  Left     Objective  IInf  Best Integer    Best Bound    ItCnt     Gap

*     0+    0                            2.3567        0.0000           100.00%
      0     0        cutoff              2.3567                    124    0.00%

Root node processing (before b&c):
  Real time             =    0.78 sec. (354.40 ticks)
Parallel b&c, 8 threads:
  Real time             =    0.00 sec. (0.00 ticks)
  Sync time (average)   =    0.00 sec.
  Wait time (average)   =    0.00 sec.
                          ------------
Total (root+branch&cut) =    0.78 sec. (354.40 ticks)

Problem: 
- Name: 
  Lower bound: 2.356666666666667
  Upper bound: 2.356666666666667
  Number of objectives: 1
  Number of constraints: 20889
  Number of variables: 10400
  Number of binary variables: 10100
  Number of integer variables: 0
  Number of continuous variables: 300
  Number of nonzeros: None
  Sense: 1
Solver: 
- Name: CPLEX 20.1.0.0
  Status: ok
  Wallclock time: 0.7750685214996338
  Termination condition: optimal
Solution: 
- number of solutions: 0
  number of solutions displayed: 0

x[(0, 99)]=1.0
