Version identifier: 20.1.0.0 | 2020-11-10 | 9bedb6d68
CPXPARAM_Read_DataCheck                          1
CPXPARAM_MIP_Interval                            1
CPXPARAM_MIP_Tolerances_MIPGap                   0
Tried aggregator 2 times.
MIP Presolve eliminated 6108 rows and 3026 columns.
MIP Presolve modified 13758 coefficients.
Aggregator did 96 substitutions.
Reduced MIP has 14278 rows, 7075 columns, and 62173 nonzeros.
Reduced MIP has 6880 binaries, 0 generals, 0 SOSs, and 0 indicators.
Presolve time = 0.08 sec. (67.75 ticks)
Probing time = 0.16 sec. (6.27 ticks)
Cover probing fixed 0 vars, tightened 5 bounds.

Root node processing (before b&c):
  Real time             =    0.39 sec. (155.27 ticks)
Parallel b&c, 8 threads:
  Real time             =    0.00 sec. (0.00 ticks)
  Sync time (average)   =    0.00 sec.
  Wait time (average)   =    0.00 sec.
                          ------------
Total (root+branch&cut) =    0.39 sec. (155.27 ticks)
WARNING: Loading a SolverResults object with a warning status into
    model.name="unknown";
      - termination condition: infeasible
      - message from solver: <undefined>

Problem: 
- Name: 
  Lower bound: None
  Upper bound: None
  Number of objectives: 1
  Number of constraints: 20482
  Number of variables: 10197
  Number of binary variables: 9900
  Number of integer variables: 0
  Number of continuous variables: 297
  Number of nonzeros: None
  Sense: 1
Solver: 
- Name: CPLEX 20.1.0.0
  Status: warning
  Wallclock time: 0.4031181335449219
  Termination condition: infeasible
Solution: 
- number of solutions: 0
  number of solutions displayed: 0

