Version identifier: 20.1.0.0 | 2020-11-10 | 9bedb6d68
CPXPARAM_Read_DataCheck                          1
CPXPARAM_MIP_Interval                            1
CPXPARAM_MIP_Tolerances_MIPGap                   0
Tried aggregator 2 times.
MIP Presolve eliminated 7092 rows and 3564 columns.
MIP Presolve modified 12569 coefficients.
Aggregator did 97 substitutions.
Reduced MIP has 13293 rows, 6536 columns, and 57497 nonzeros.
Reduced MIP has 6339 binaries, 0 generals, 0 SOSs, and 0 indicators.
Presolve time = 0.08 sec. (62.23 ticks)
Found incumbent of value 7.000731 after 0.19 sec. (120.32 ticks)
Probing time = 0.03 sec. (5.66 ticks)
Tried aggregator 1 time.
Detecting symmetries...
MIP Presolve modified 9517 coefficients.
Reduced MIP has 13293 rows, 6536 columns, and 57497 nonzeros.
Reduced MIP has 6339 binaries, 0 generals, 0 SOSs, and 0 indicators.
Presolve time = 0.05 sec. (30.76 ticks)
Probing time = 0.05 sec. (5.88 ticks)
Clique table members: 10347.
MIP emphasis: balance optimality and feasibility.
MIP search method: dynamic search.
Parallel mode: deterministic, using up to 8 threads.
Root relaxation solution time = 0.06 sec. (49.10 ticks)

        Nodes                                         Cuts/
   Node  Left     Objective  IInf  Best Integer    Best Bound    ItCnt     Gap

*     0+    0                            7.0007        0.0000           100.00%
      0     0        5.2089    11        7.0007        5.2089      378   25.59%
*     0+    0                            5.7335        5.2089             9.15%
*     0+    0                            5.2537        5.2089             0.85%
      0     0        5.2425    10        5.2537      Cuts: 21      388    0.15%
      0     0        5.2456     1        5.2537      Cuts: 38      392    0.15%
      0     0        cutoff              5.2537        5.2537      392    0.00%
Elapsed time = 0.69 sec. (394.17 ticks, tree = 0.01 MB, solutions = 3)

Clique cuts applied:  1
Implied bound cuts applied:  2
Flow cuts applied:  34
Mixed integer rounding cuts applied:  4
Lift and project cuts applied:  1
Gomory fractional cuts applied:  1

Root node processing (before b&c):
  Real time             =    0.70 sec. (394.81 ticks)
Parallel b&c, 8 threads:
  Real time             =    0.00 sec. (0.00 ticks)
  Sync time (average)   =    0.00 sec.
  Wait time (average)   =    0.00 sec.
                          ------------
Total (root+branch&cut) =    0.70 sec. (394.81 ticks)

Problem: 
- Name: 
  Lower bound: 5.253671315789473
  Upper bound: 5.253671315789473
  Number of objectives: 1
  Number of constraints: 20482
  Number of variables: 10197
  Number of binary variables: 9900
  Number of integer variables: 0
  Number of continuous variables: 297
  Number of nonzeros: None
  Sense: 1
Solver: 
- Name: CPLEX 20.1.0.0
  Status: ok
  Wallclock time: 0.7201633453369141
  Termination condition: optimal
Solution: 
- number of solutions: 0
  number of solutions displayed: 0

x[(0, 18)]=1.0
x[(18, 66)]=1.0
x[(66, 98)]=1.0
r[18]=0.25
r[66]=0.258114649122807
