Version identifier: 20.1.0.0 | 2020-11-10 | 9bedb6d68
CPXPARAM_Read_DataCheck                          1
CPXPARAM_MIP_Interval                            1
CPXPARAM_MIP_Tolerances_MIPGap                   0
Tried aggregator 2 times.
MIP Presolve eliminated 177 rows and 75 columns.
MIP Presolve modified 5281 coefficients.
Aggregator did 50 substitutions.
Reduced MIP has 5638 rows, 2787 columns, and 24213 nonzeros.
Reduced MIP has 2684 binaries, 0 generals, 0 SOSs, and 0 indicators.
Presolve time = 0.03 sec. (23.57 ticks)
Found incumbent of value 2.356667 after 0.06 sec. (48.51 ticks)
Probing time = 0.03 sec. (4.63 ticks)
Tried aggregator 1 time.
Detecting symmetries...
MIP Presolve modified 3673 coefficients.
Reduced MIP has 5638 rows, 2787 columns, and 24213 nonzeros.
Reduced MIP has 2684 binaries, 0 generals, 0 SOSs, and 0 indicators.
Presolve time = 0.03 sec. (13.36 ticks)
Probing time = 0.03 sec. (4.68 ticks)
Clique table members: 5836.
MIP emphasis: balance optimality and feasibility.
MIP search method: dynamic search.
Parallel mode: deterministic, using up to 8 threads.
Root relaxation solution time = 0.03 sec. (15.24 ticks)

        Nodes                                         Cuts/
   Node  Left     Objective  IInf  Best Integer    Best Bound    ItCnt     Gap

*     0+    0                            2.3567        0.0000           100.00%
      0     0        cutoff              2.3567                    133    0.00%

Root node processing (before b&c):
  Real time             =    0.27 sec. (105.52 ticks)
Parallel b&c, 8 threads:
  Real time             =    0.00 sec. (0.00 ticks)
  Sync time (average)   =    0.00 sec.
  Wait time (average)   =    0.00 sec.
                          ------------
Total (root+branch&cut) =    0.27 sec. (105.52 ticks)

Problem: 
- Name: 
  Lower bound: 2.356666666666667
  Upper bound: 2.356666666666667
  Number of objectives: 1
  Number of constraints: 5865
  Number of variables: 2912
  Number of binary variables: 2756
  Number of integer variables: 0
  Number of continuous variables: 156
  Number of nonzeros: None
  Sense: 1
Solver: 
- Name: CPLEX 20.1.0.0
  Status: ok
  Wallclock time: 0.2716226577758789
  Termination condition: optimal
Solution: 
- number of solutions: 0
  number of solutions displayed: 0

x[(0, 51)]=1.0
