Version identifier: 20.1.0.0 | 2020-11-10 | 9bedb6d68
CPXPARAM_Read_DataCheck                          1
CPXPARAM_MIP_Interval                            1
CPXPARAM_MIP_Tolerances_MIPGap                   0
Tried aggregator 2 times.
MIP Presolve eliminated 168427 rows and 84174 columns.
MIP Presolve modified 290801 coefficients.
Aggregator did 476 substitutions.
Reduced MIP has 294279 rows, 146707 columns, and 1313429 nonzeros.
Reduced MIP has 145752 binaries, 0 generals, 0 SOSs, and 0 indicators.
Presolve time = 2.11 sec. (2319.55 ticks)
Found incumbent of value 5.782219 after 3.92 sec. (3503.15 ticks)
Probing time = 1.34 sec. (67.93 ticks)
Tried aggregator 1 time.
Detecting symmetries...
MIP Presolve modified 255151 coefficients.
Reduced MIP has 294279 rows, 146707 columns, and 1313429 nonzeros.
Reduced MIP has 145752 binaries, 0 generals, 0 SOSs, and 0 indicators.
Presolve time = 1.81 sec. (749.83 ticks)
Probing time = 0.94 sec. (64.79 ticks)
Clique table members: 222551.
MIP emphasis: balance optimality and feasibility.
MIP search method: dynamic search.
Parallel mode: deterministic, using up to 8 threads.
Root relaxation solution time = 2.42 sec. (1561.18 ticks)

        Nodes                                         Cuts/
   Node  Left     Objective  IInf  Best Integer    Best Bound    ItCnt     Gap

*     0+    0                            5.7822        0.0000           100.00%
      0     0        4.9556     6        5.7822        4.9556     1541   14.30%
*     0+    0                            5.4831        4.9556             9.62%
      0     0        5.0349     6        5.4831      Cuts: 59     1575    8.17%
      0     0        5.0827     6        5.4831      Cuts: 11     1595    6.21%
*     0+    0                            5.2516        5.1428             2.07%
      0     0  -1.00000e+75     0        5.2516        5.1428     1595    2.07%
Detecting symmetries...

Repeating presolve.
Tried aggregator 2 times.
MIP Presolve eliminated 292564 rows and 145926 columns.
MIP Presolve modified 305 coefficients.
Aggregator did 45 substitutions.
Reduced MIP has 1670 rows, 736 columns, and 5545 nonzeros.
Reduced MIP has 541 binaries, 0 generals, 0 SOSs, and 0 indicators.
Presolve time = 0.17 sec. (192.32 ticks)
Probing fixed 208 vars, tightened 96 bounds.
Probing time = 0.03 sec. (31.00 ticks)
Cover probing fixed 0 vars, tightened 47 bounds.
Tried aggregator 2 times.
MIP Presolve eliminated 718 rows and 321 columns.
MIP Presolve modified 502 coefficients.
Aggregator did 3 substitutions.
Reduced MIP has 949 rows, 412 columns, and 2924 nonzeros.
Reduced MIP has 269 binaries, 0 generals, 0 SOSs, and 0 indicators.
Presolve time = 0.00 sec. (5.45 ticks)
Probing time = 0.00 sec. (4.55 ticks)
Cover probing fixed 0 vars, tightened 2 bounds.
Tried aggregator 1 time.
Detecting symmetries...
MIP Presolve modified 12 coefficients.
Reduced MIP has 949 rows, 412 columns, and 2924 nonzeros.
Reduced MIP has 269 binaries, 0 generals, 0 SOSs, and 0 indicators.
Presolve time = 0.00 sec. (1.93 ticks)
Represolve time = 0.33 sec. (350.49 ticks)
Probing time = 0.02 sec. (4.52 ticks)
Clique table members: 1989.
MIP emphasis: balance optimality and feasibility.
MIP search method: dynamic search.
Parallel mode: deterministic, using up to 8 threads.
Root relaxation solution time = 0.00 sec. (3.54 ticks)

        Nodes                                         Cuts/
   Node  Left     Objective  IInf  Best Integer    Best Bound    ItCnt     Gap

*     0+    0                            5.2516        5.1428             2.07%
      0     0        5.2258     4        5.2516        5.2258     1792    0.49%
      0     0        5.2373     7        5.2516       Cuts: 5     1799    0.27%
      0     0        5.2374     8        5.2516       Cuts: 2     1808    0.27%
Detecting symmetries...

Repeating presolve.
Tried aggregator 2 times.
MIP Presolve eliminated 889 rows and 383 columns.
MIP Presolve modified 3 coefficients.
Aggregator did 3 substitutions.
Reduced MIP has 57 rows, 26 columns, and 152 nonzeros.
Reduced MIP has 14 binaries, 0 generals, 0 SOSs, and 0 indicators.
Presolve time = 0.00 sec. (0.71 ticks)
Probing time = 0.00 sec. (0.07 ticks)
Cover probing fixed 0 vars, tightened 6 bounds.
Tried aggregator 1 time.
Detecting symmetries...
MIP Presolve modified 28 coefficients.
Reduced MIP has 57 rows, 26 columns, and 152 nonzeros.
Reduced MIP has 14 binaries, 0 generals, 0 SOSs, and 0 indicators.
Presolve time = 0.00 sec. (0.10 ticks)
Represolve time = 0.06 sec. (46.37 ticks)
Probing time = 0.00 sec. (0.07 ticks)
Clique table members: 51.
MIP emphasis: balance optimality and feasibility.
MIP search method: dynamic search.
Parallel mode: deterministic, using up to 8 threads.
Root relaxation solution time = 0.00 sec. (0.14 ticks)

        Nodes                                         Cuts/
   Node  Left     Objective  IInf  Best Integer    Best Bound    ItCnt     Gap

*     0+    0                            5.2516        5.2456             0.11%
      0     0        5.2374     8        5.2516        5.2456     1838    0.11%
      0     0        5.2386     6        5.2516       Cuts: 5     1841    0.11%
      0     0        5.2386     9        5.2516       Cuts: 3     1847    0.11%
      0     0        5.2386     8        5.2516       Cuts: 3     1850    0.11%
Detecting symmetries...

Repeating presolve.
Tried aggregator 2 times.
MIP Presolve eliminated 47 rows and 20 columns.
MIP Presolve modified 5 coefficients.
Aggregator did 1 substitutions.
Reduced MIP has 9 rows, 5 columns, and 22 nonzeros.
Reduced MIP has 1 binaries, 0 generals, 0 SOSs, and 0 indicators.
Presolve time = 0.00 sec. (0.06 ticks)
Probing fixed 0 vars, tightened 2 bounds.
Probing time = 0.00 sec. (0.00 ticks)
Tried aggregator 1 time.
MIP Presolve modified 2 coefficients.
Reduced MIP has 9 rows, 5 columns, and 22 nonzeros.
Reduced MIP has 1 binaries, 0 generals, 0 SOSs, and 0 indicators.
Presolve time = 0.00 sec. (0.02 ticks)
Represolve time = 0.05 sec. (36.30 ticks)
Probing time = 0.00 sec. (0.00 ticks)
MIP emphasis: balance optimality and feasibility.
MIP search method: dynamic search.
Parallel mode: deterministic, using up to 8 threads.
Root relaxation solution time = 0.00 sec. (0.01 ticks)

        Nodes                                         Cuts/
   Node  Left     Objective  IInf  Best Integer    Best Bound    ItCnt     Gap

*     0+    0                            5.2516        5.2456             0.11%
      0     0        cutoff              5.2516                   1859    0.00%

Root node processing (before b&c):
  Real time             =   16.78 sec. (11136.97 ticks)
Parallel b&c, 8 threads:
  Real time             =    0.00 sec. (0.00 ticks)
  Sync time (average)   =    0.00 sec.
  Wait time (average)   =    0.00 sec.
                          ------------
Total (root+branch&cut) =   16.78 sec. (11136.97 ticks)

Problem: 
- Name: 
  Lower bound: 5.251553771929824
  Upper bound: 5.251553771929824
  Number of objectives: 1
  Number of constraints: 463182
  Number of variables: 231357
  Number of binary variables: 229920
  Number of integer variables: 0
  Number of continuous variables: 1437
  Number of nonzeros: None
  Sense: 1
Solver: 
- Name: CPLEX 20.1.0.0
  Status: ok
  Wallclock time: 16.772645473480225
  Termination condition: optimal
Solution: 
- number of solutions: 0
  number of solutions displayed: 0

x[(0, 418)]=1.0
x[(418, 478)]=1.0
r[418]=0.40044210526315777
